final text_encoder_type: bert-base-uncased
[GroundingDINO Debug] detection succeeded on attempt 1 (box_threshold=0.35, text_threshold=0.25).
[GroundingDINO Debug] boxes shape=(1, 4), confidences=[0.6731885075569153]
Detected 1 objects
final text_encoder_type: bert-base-uncased
[GroundingDINO Debug] detection succeeded on attempt 1 (box_threshold=0.35, text_threshold=0.25).
[GroundingDINO Debug] boxes shape=(1, 4), confidences=[0.5859012007713318]
Detected 1 objects
final text_encoder_type: bert-base-uncased
[GroundingDINO Debug] detection succeeded on attempt 1 (box_threshold=0.35, text_threshold=0.25).
[GroundingDINO Debug] boxes shape=(1, 4), confidences=[0.4985511600971222]
Detected 1 objects
final text_encoder_type: bert-base-uncased
[GroundingDINO Debug] detection succeeded on attempt 1 (box_threshold=0.35, text_threshold=0.25).
[GroundingDINO Debug] boxes shape=(1, 4), confidences=[0.42967647314071655]
Detected 1 objects
final text_encoder_type: bert-base-uncased
[GroundingDINO Debug] detection succeeded on attempt 1 (box_threshold=0.35, text_threshold=0.25).
[GroundingDINO Debug] boxes shape=(1, 4), confidences=[0.5181225538253784]
Detected 1 objects
final text_encoder_type: bert-base-uncased
[GroundingDINO Debug] detection succeeded on attempt 1 (box_threshold=0.35, text_threshold=0.25).
[GroundingDINO Debug] boxes shape=(1, 4), confidences=[0.4407617747783661]
Detected 1 objects
final text_encoder_type: bert-base-uncased
[GroundingDINO Debug] detection succeeded on attempt 1 (box_threshold=0.35, text_threshold=0.25).
[GroundingDINO Debug] boxes shape=(1, 4), confidences=[0.5355587005615234]
Detected 1 objects
final text_encoder_type: bert-base-uncased
[GroundingDINO Debug] detection succeeded on attempt 1 (box_threshold=0.35, text_threshold=0.25).
[GroundingDINO Debug] boxes shape=(1, 4), confidences=[0.3683158755302429]
Detected 1 objects
final text_encoder_type: bert-base-uncased
[GroundingDINO Debug] detection succeeded on attempt 1 (box_threshold=0.35, text_threshold=0.25).
[GroundingDINO Debug] boxes shape=(1, 4), confidences=[0.35241803526878357]
Detected 1 objects
final text_encoder_type: bert-base-uncased
[GroundingDINO Debug] detection succeeded on attempt 1 (box_threshold=0.35, text_threshold=0.25).
[GroundingDINO Debug] boxes shape=(1, 4), confidences=[0.8328904509544373]
Detected 1 objects
final text_encoder_type: bert-base-uncased
[GroundingDINO Debug] detection succeeded on attempt 1 (box_threshold=0.35, text_threshold=0.25).
[GroundingDINO Debug] boxes shape=(2, 4), confidences=[0.4623571038246155, 0.4257330894470215]
Detected 1 objects
final text_encoder_type: bert-base-uncased
[GroundingDINO Debug] detection succeeded on attempt 1 (box_threshold=0.35, text_threshold=0.25).
[GroundingDINO Debug] boxes shape=(2, 4), confidences=[0.4069993495941162, 0.3606545329093933]
Detected 1 objects
final text_encoder_type: bert-base-uncased
[GroundingDINO Debug] detection succeeded on attempt 1 (box_threshold=0.35, text_threshold=0.25).
[GroundingDINO Debug] boxes shape=(1, 4), confidences=[0.8223716616630554]
Detected 1 objects
final text_encoder_type: bert-base-uncased
[GroundingDINO Debug] detection succeeded on attempt 1 (box_threshold=0.35, text_threshold=0.25).
[GroundingDINO Debug] boxes shape=(2, 4), confidences=[0.5459504127502441, 0.3684638738632202]
Detected 1 objects
final text_encoder_type: bert-base-uncased
[GroundingDINO Debug] detection succeeded on attempt 1 (box_threshold=0.35, text_threshold=0.25).
[GroundingDINO Debug] boxes shape=(1, 4), confidences=[0.5423594117164612]
Detected 1 objects
final text_encoder_type: bert-base-uncased
[GroundingDINO Debug] detection succeeded on attempt 1 (box_threshold=0.35, text_threshold=0.25).
[GroundingDINO Debug] boxes shape=(1, 4), confidences=[0.8035428524017334]
Detected 1 objects
final text_encoder_type: bert-base-uncased
[GroundingDINO Debug] detection succeeded on attempt 1 (box_threshold=0.35, text_threshold=0.25).
[GroundingDINO Debug] boxes shape=(1, 4), confidences=[0.6401457190513611]
Detected 1 objects
final text_encoder_type: bert-base-uncased
[GroundingDINO Debug] detection succeeded on attempt 1 (box_threshold=0.35, text_threshold=0.25).
[GroundingDINO Debug] boxes shape=(1, 4), confidences=[0.6412172317504883]
Detected 1 objects
Processing feng_rope_v6_0001!!!!!!!!!!!!!!!
Processing feng_sloth_0907_0001_long_003!!!!!!!!!!!!!!!
